<?xml version="1.0" encoding="UTF-8"?>
<!-- Generated by org.testng.reporters.JUnitReportReporter -->
<testsuite skipped="0" hostname="LAPTOP-0A7CUA1B" name="com.vmetry.selenium.grid.SeleniumGrid" tests="1" failures="0" timestamp="08 Dec 2017 20:49:06 GMT" time="2.200" errors="0">
  <testcase name="Launch" time="2.200" classname="com.vmetry.selenium.grid.SeleniumGrid"/>
</testsuite> <!-- com.vmetry.selenium.grid.SeleniumGrid -->
